<?xml version="1.0" encoding="UTF-8"?>
<testsuite name="MyNodeTest" tests="1" skipped="0" failures="0" errors="0" timestamp="2021-01-02T06:37:31" hostname="DESKTOP-PB86ROL" time="0.005">
  <properties/>
  <testcase name="given3NumbersWhenLinkedShouldPassedLinkedlistTest" classname="MyNodeTest" time="0.005"/>
  <system-out><![CDATA[]]></system-out>
  <system-err><![CDATA[]]></system-err>
</testsuite>
