<?xml version="1.0" encoding="UTF-8"?>
<testsuite name="MyHashMapTest" tests="1" skipped="0" failures="0" errors="0" timestamp="2021-01-04T02:20:37" hostname="DESKTOP-PB86ROL" time="0.011">
  <properties/>
  <testcase name="givenASentence_WhenWordsAreAddedToList_ShouldReturnWordOfFrequency" classname="MyHashMapTest" time="0.011"/>
  <system-out><![CDATA[MyHashMap@13f2932b
]]></system-out>
  <system-err><![CDATA[]]></system-err>
</testsuite>
