<?xml version="1.0" encoding="UTF-8"?>
<testsuite name="MyQueueTest" tests="1" skipped="0" failures="0" errors="0" timestamp="2021-01-03T18:24:55" hostname="DESKTOP-PB86ROL" time="0.012">
  <properties/>
  <testcase name="given3NumbersWhenAddedToQueueShouldHaveReturnTrue" classname="MyQueueTest" time="0.012"/>
  <system-out><![CDATA[My Nodes: 56->30->70
]]></system-out>
  <system-err><![CDATA[]]></system-err>
</testsuite>
